[2026-04-21 22:54:42] live.ERROR: Undefined variable $isHomeDashboardHeader {"view":{"view":"/Users/macbookair/Developer/pos_shanto/resources/views/layouts/partials/header.blade.php","data":{"asset_v":"<pre class=sf-dump id=sf-dump-815885324 data-indent-pad=\"  \"><span class=sf-dump-num>611</span>
</pre><script>Sfdump(\"sf-dump-815885324\", {\"maxDepth\":3,\"maxStringLength\":160})</script>
","errors":"<pre class=sf-dump id=sf-dump-1350006452 data-indent-pad=\"  \"><span class=sf-dump-note>Illuminate\\Support\\ViewErrorBag</span> {<a class=sf-dump-ref>#2554</a><samp data-depth=1 class=sf-dump-expanded>
  #<span class=sf-dump-protected title=\"Protected property\">bags</span>: []
</samp>}
</pre><script>Sfdump(\"sf-dump-1350006452\", {\"maxDepth\":3,\"maxStringLength\":160})</script>
","business_locations":"<pre class=sf-dump id=sf-dump-1553758274 data-indent-pad=\"  \"><span class=sf-dump-note>Illuminate\\Support\\Collection</span> {<a class=sf-dump-ref>#3075</a><samp data-depth=1 class=sf-dump-expanded>
  #<span class=sf-dump-protected title=\"Protected property\">items</span>: <span class=sf-dump-note>array:1</span> [<samp data-depth=2 class=sf-dump-compact>
    <span class=sf-dump-key>1</span> => \"<span class=sf-dump-str title=\"30 characters\">Integrated POS System (BL0001)</span>\"
  </samp>]
  #<span class=sf-dump-protected title=\"Protected property\">escapeWhenCastingToString</span>: <span class=sf-dump-const>false</span>
</samp>}
</pre><script>Sfdump(\"sf-dump-1553758274\", {\"maxDepth\":3,\"maxStringLength\":160})</script>
","enabled_modules":"<pre class=sf-dump id=sf-dump-800793182 data-indent-pad=\"  \"><span class=sf-dump-note>array:6</span> [<samp data-depth=1 class=sf-dump-expanded>
  <span class=sf-dump-index>0</span> => \"<span class=sf-dump-str title=\"9 characters\">purchases</span>\"
  <span class=sf-dump-index>1</span> => \"<span class=sf-dump-str title=\"8 characters\">add_sale</span>\"
  <span class=sf-dump-index>2</span> => \"<span class=sf-dump-str title=\"8 characters\">pos_sale</span>\"
  <span class=sf-dump-index>3</span> => \"<span class=sf-dump-str title=\"15 characters\">stock_transfers</span>\"
  <span class=sf-dump-index>4</span> => \"<span class=sf-dump-str title=\"16 characters\">stock_adjustment</span>\"
  <span class=sf-dump-index>5</span> => \"<span class=sf-dump-str title=\"8 characters\">expenses</span>\"
</samp>]
</pre><script>Sfdump(\"sf-dump-800793182\", {\"maxDepth\":3,\"maxStringLength\":160})</script>
","__is_pusher_enabled":"<pre class=sf-dump id=sf-dump-1795385214 data-indent-pad=\"  \"><span class=sf-dump-const>false</span>
</pre><script>Sfdump(\"sf-dump-1795385214\", {\"maxDepth\":3,\"maxStringLength\":160})</script>
","moduleAssets":"<pre class=sf-dump id=sf-dump-654452469 data-indent-pad=\"  \"><span class=sf-dump-note>array:2</span> [<samp data-depth=1 class=sf-dump-expanded>
  \"<span class=sf-dump-key>js</span>\" => []
  \"<span class=sf-dump-key>css</span>\" => []
</samp>]
</pre><script>Sfdump(\"sf-dump-654452469\", {\"maxDepth\":3,\"maxStringLength\":160})</script>
","__additional_views":"<pre class=sf-dump id=sf-dump-2082081289 data-indent-pad=\"  \">[]
</pre><script>Sfdump(\"sf-dump-2082081289\", {\"maxDepth\":3,\"maxStringLength\":160})</script>
","__additional_html":"<pre class=sf-dump id=sf-dump-959802515 data-indent-pad=\"  \">\"\"
</pre><script>Sfdump(\"sf-dump-959802515\", {\"maxDepth\":3,\"maxStringLength\":160})</script>
","__system_settings":"<pre class=sf-dump id=sf-dump-460204957 data-indent-pad=\"  \"><span class=sf-dump-note>Illuminate\\Support\\Collection</span> {<a class=sf-dump-ref>#3137</a><samp data-depth=1 class=sf-dump-expanded>
  #<span class=sf-dump-protected title=\"Protected property\">items</span>: <span class=sf-dump-note>array:2</span> [<samp data-depth=2 class=sf-dump-compact>
    \"<span class=sf-dump-key>additional_js</span>\" => <span class=sf-dump-const>null</span>
    \"<span class=sf-dump-key>additional_css</span>\" => <span class=sf-dump-const>null</span>
  </samp>]
  #<span class=sf-dump-protected title=\"Protected property\">escapeWhenCastingToString</span>: <span class=sf-dump-const>false</span>
</samp>}
</pre><script>Sfdump(\"sf-dump-460204957\", {\"maxDepth\":3,\"maxStringLength\":160})</script>
","request":"<pre class=sf-dump id=sf-dump-303182785 data-indent-pad=\"  \"><span class=sf-dump-note>Illuminate\\Http\\Request</span> {<a class=sf-dump-ref>#45</a><samp data-depth=1 class=sf-dump-expanded>
  +<span class=sf-dump-public title=\"Public property\">attributes</span>: <span class=sf-dump-note title=\"Symfony\\Component\\HttpFoundation\\ParameterBag
\"><span class=\"sf-dump-ellipsis sf-dump-ellipsis-note\">Symfony\\Component\\HttpFoundation</span><span class=\"sf-dump-ellipsis sf-dump-ellipsis-note\">\\</span>ParameterBag</span> {<a class=sf-dump-ref>#47</a><samp data-depth=2 class=sf-dump-compact>
    #<span class=sf-dump-protected title=\"Protected property\">parameters</span>: []
  </samp>}
  +<span class=sf-dump-public title=\"Public property\">request</span>: <span class=sf-dump-note title=\"Symfony\\Component\\HttpFoundation\\InputBag
\"><span class=\"sf-dump-ellipsis sf-dump-ellipsis-note\">Symfony\\Component\\HttpFoundation</span><span class=\"sf-dump-ellipsis sf-dump-ellipsis-note\">\\</span>InputBag</span> {<a class=sf-dump-ref>#46</a><samp data-depth=2 class=sf-dump-compact>
    #<span class=sf-dump-protected title=\"Protected property\">parameters</span>: []
  </samp>}
  +<span class=sf-dump-public title=\"Public property\">query</span>: <span class=sf-dump-note title=\"Symfony\\Component\\HttpFoundation\\InputBag
\"><span class=\"sf-dump-ellipsis sf-dump-ellipsis-note\">Symfony\\Component\\HttpFoundation</span><span class=\"sf-dump-ellipsis sf-dump-ellipsis-note\">\\</span>InputBag</span> {<a class=sf-dump-ref>#53</a><samp data-depth=2 class=sf-dump-compact>
    #<span class=sf-dump-protected title=\"Protected property\">parameters</span>: []
  </samp>}
  +<span class=sf-dump-public title=\"Public property\">server</span>: <span class=sf-dump-note title=\"Symfony\\Component\\HttpFoundation\\ServerBag
\"><span class=\"sf-dump-ellipsis sf-dump-ellipsis-note\">Symfony\\Component\\HttpFoundation</span><span class=\"sf-dump-ellipsis sf-dump-ellipsis-note\">\\</span>ServerBag</span> {<a class=sf-dump-ref>#49</a><samp data-depth=2 class=sf-dump-compact>
    #<span class=sf-dump-protected title=\"Protected property\">parameters</span>: <span class=sf-dump-note>array:32</span> [<samp data-depth=3 class=sf-dump-compact>
      \"<span class=sf-dump-key>DOCUMENT_ROOT</span>\" => \"<span class=sf-dump-str title=\"45 characters\">/Users/macbookair/Developer/pos_shanto/public</span>\"
      \"<span class=sf-dump-key>REMOTE_ADDR</span>\" => \"<span class=sf-dump-str title=\"9 characters\">127.0.0.1</span>\"
      \"<span class=sf-dump-key>REMOTE_PORT</span>\" => \"<span class=sf-dump-str title=\"5 characters\">62470</span>\"
      \"<span class=sf-dump-key>SERVER_SOFTWARE</span>\" => \"<span class=sf-dump-str title=\"28 characters\">PHP 8.2.4 Development Server</span>\"
      \"<span class=sf-dump-key>SERVER_PROTOCOL</span>\" => \"<span class=sf-dump-str title=\"8 characters\">HTTP/1.1</span>\"
      \"<span class=sf-dump-key>SERVER_NAME</span>\" => \"<span class=sf-dump-str title=\"9 characters\">127.0.0.1</span>\"
      \"<span class=sf-dump-key>SERVER_PORT</span>\" => \"<span class=sf-dump-str title=\"4 characters\">8000</span>\"
      \"<span class=sf-dump-key>REQUEST_URI</span>\" => \"<span class=sf-dump-str title=\"25 characters\">/stock-adjustments/create</span>\"
      \"<span class=sf-dump-key>REQUEST_METHOD</span>\" => \"<span class=sf-dump-str title=\"3 characters\">GET</span>\"
      \"<span class=sf-dump-key>SCRIPT_NAME</span>\" => \"<span class=sf-dump-str title=\"10 characters\">/index.php</span>\"
      \"<span class=sf-dump-key>SCRIPT_FILENAME</span>\" => \"<span class=sf-dump-str title=\"55 characters\">/Users/macbookair/Developer/pos_shanto/public/index.php</span>\"
      \"<span class=sf-dump-key>PATH_INFO</span>\" => \"<span class=sf-dump-str title=\"25 characters\">/stock-adjustments/create</span>\"
      \"<span class=sf-dump-key>PHP_SELF</span>\" => \"<span class=sf-dump-str title=\"35 characters\">/index.php/stock-adjustments/create</span>\"
      \"<span class=sf-dump-key>HTTP_HOST</span>\" => \"<span class=sf-dump-str title=\"14 characters\">127.0.0.1:8000</span>\"
      \"<span class=sf-dump-key>HTTP_CONNECTION</span>\" => \"<span class=sf-dump-str title=\"10 characters\">keep-alive</span>\"
      \"<span class=sf-dump-key>HTTP_CACHE_CONTROL</span>\" => \"<span class=sf-dump-str title=\"9 characters\">max-age=0</span>\"
      \"<span class=sf-dump-key>HTTP_SEC_CH_UA</span>\" => \"<span class=sf-dump-str title=\"64 characters\">&quot;Google Chrome&quot;;v=&quot;147&quot;, &quot;Not.A/Brand&quot;;v=&quot;8&quot;, &quot;Chromium&quot;;v=&quot;147&quot;</span>\"
      \"<span class=sf-dump-key>HTTP_SEC_CH_UA_MOBILE</span>\" => \"<span class=sf-dump-str title=\"2 characters\">?0</span>\"
      \"<span class=sf-dump-key>HTTP_SEC_CH_UA_PLATFORM</span>\" => \"<span class=sf-dump-str title=\"7 characters\">&quot;macOS&quot;</span>\"
      \"<span class=sf-dump-key>HTTP_UPGRADE_INSECURE_REQUESTS</span>\" => \"<span class=sf-dump-str>1</span>\"
      \"<span class=sf-dump-key>HTTP_USER_AGENT</span>\" => \"<span class=sf-dump-str title=\"117 characters\">Mozilla/5.0 (Macintosh; Intel Mac OS X 10_15_7) AppleWebKit/537.36 (KHTML, like Gecko) Chrome/147.0.0.0 Safari/537.36</span>\"
      \"<span class=sf-dump-key>HTTP_ACCEPT</span>\" => \"<span class=sf-dump-str title=\"135 characters\">text/html,application/xhtml+xml,application/xml;q=0.9,image/avif,image/webp,image/apng,*/*;q=0.8,application/signed-exchange;v=b3;q=0.7</span>\"
      \"<span class=sf-dump-key>HTTP_SEC_FETCH_SITE</span>\" => \"<span class=sf-dump-str title=\"11 characters\">same-origin</span>\"
      \"<span class=sf-dump-key>HTTP_SEC_FETCH_MODE</span>\" => \"<span class=sf-dump-str title=\"8 characters\">navigate</span>\"
      \"<span class=sf-dump-key>HTTP_SEC_FETCH_USER</span>\" => \"<span class=sf-dump-str title=\"2 characters\">?1</span>\"
      \"<span class=sf-dump-key>HTTP_SEC_FETCH_DEST</span>\" => \"<span class=sf-dump-str title=\"8 characters\">document</span>\"
      \"<span class=sf-dump-key>HTTP_REFERER</span>\" => \"<span class=sf-dump-str title=\"39 characters\">http://127.0.0.1:8000/stock-adjustments</span>\"
      \"<span class=sf-dump-key>HTTP_ACCEPT_ENCODING</span>\" => \"<span class=sf-dump-str title=\"23 characters\">gzip, deflate, br, zstd</span>\"
      \"<span class=sf-dump-key>HTTP_ACCEPT_LANGUAGE</span>\" => \"<span class=sf-dump-str title=\"38 characters\">en-BD,en-GB;q=0.9,en-US;q=0.8,en;q=0.7</span>\"
      \"<span class=sf-dump-key>HTTP_COOKIE</span>\" => \"<span class=sf-dump-str title=\"1756 characters\">bc_admin_locale=eyJpdiI6IldEcUdpa1pGTk1ZT2xpR1Z6RW43MUE9PSIsInZhbHVlIjoiSkdRclhUVHZTcUtUZHdCUTltUXgzSVdQTG1EbVZEdnhnL0lDNlc4SHhIWUhGcUcwZ3FDb1UwTDMreU40c1B2QSIsIm1hYyI6ImU4YjdlYTNjMmEwYzNmNGRlNjExOGMwYjM3Y2EyZDkzZTJiNTNkMWNiNjI2ZGM0ODhhMjg3MGEyODIzYjhkMTQiLCJ0YWciOiIifQ%3D%3D; _ga=GA1.1.140614342.1765206202; _clck=19jaddv%5E2%5Eg1o%5E0%5E2168; _ga_7R7JN115Y0=GS2.1.s1765206201$o1$g1$t1765206472$j60$l0$h196967636; _ga_VCPFZZ4XLV=GS2.1.s1767605127$o1$g1$t1767605731$j60$l0$h1690002793; remember_web_59ba36addc2b2f9401580f014c7f58ea4e30989d=eyJpdiI6Ikpwckh5QWtLazl2WFlDZGVLTzVtdnc9PSIsInZhbHVlIjoiNVpNMWdUZG1VYkl2Y2ZwRDBZekZ5TEc2MUVESU9UaEljZG5YbEQxKzFyZ2krbXFhZzdJcG5xTExPT1ZodWtlM0FiYUxhN0tsMVg2S1JVcXgxRzlONjRvR0FTejZ2L3cxQzVnbVNWWnF1Q1loUUlYeGh2OUluREJqa2hXRG1McVI0bGNIZkdZazY4YllaZFZNcnpHQWZQMWRxQ2FsUGYxRzJERXRtVFF3WUdEN2xuYjNJYzJyUThDOW9UUkw0RlQrZ21uZjUvdTBTM2ZEVlJwTkQvOEhVYVgyUFFRZmpPQ0lCLzgzUE02K1JCcz0iLCJtYWMiOiJiYzc3MmNmYTg2Y2EzY2M3OGMxYTlmMTZlNmI1ZDMzMDVmYmQ2NjI1MTdiZDgwNjc1NWExNTA3NDgwNjQxMDdlIiwidGFnIjoiIn0%3D; XSRF-TOKEN=eyJpdiI6InMwNlVIaFNRRUdoT251cEhyZ3FSc2c9PSIsInZhbHVlIjoia2MrZUhLckxZR2J2UDloZnlZRFhzWDBzQjIyNUxsUjkvc3hVMXFaUXprdGtadnZCWUpxQnZKVzRpWjM4VU1xM0hjWUpYZWNBMUgzcVp6VEgzQVlGQjRWaUU1Q0FoNDhoUDJNcDk2RkQ4bURudmM1dVpJM21PalU3ZldZandTNC8iLCJtYWMiOiJmOTFjMTQzOGUyYjBhNWQ4N2EwMDUwM2VkYmJjMDI4ZDgyOGE1YWNiZWVlMTlkZmU2YjEyNmI5YmMzOWEwYTRhIiwidGFnIjoiIn0%3D; integrated_pos_system_session=eyJpdiI6IklDVHQvWldUalFzR2xMWWd3TlEvTVE9PSIsInZhbHVlIjoiNVRRV3M2SUY4bVhnYUlVQktnMnAyTjkwalhrcFNWdTh6OTFXOFZWWjVxVDdhVGpSVzQyaXZ0WUhRSWFIWWFyS21Ud1ByVnI3YytPdWR1R0VrS2JiaitMWWdiZWFESSt4QXVRZmdPV3RtT1dFR0ZpUk9BQzM5QXJMZEg0a0VFemMiLCJtYWMiOiI4YWEwMjFlNTE2YzU1NmY3MGE3MWFiNjQ4NTVlZGU1NmZiMDgyYmY5YWVlNjcyZTQxZTZhYjQ5ZDA0M2VhNmQzIiwidGFnIjoiIn0%3D</span>\"
      \"<span class=sf-dump-key>REQUEST_TIME_FLOAT</span>\" => <span class=sf-dump-num>1776790481.6522</span>
      \"<span class=sf-dump-key>REQUEST_TIME</span>\" => <span class=sf-dump-num>1776790481</span>
    </samp>]
  </samp>}
  +<span class=sf-dump-public title=\"Public property\">files</span>: <span class=sf-dump-note title=\"Symfony\\Component\\HttpFoundation\\FileBag
\"><span class=\"sf-dump-ellipsis sf-dump-ellipsis-note\">Symfony\\Component\\HttpFoundation</span><span class=\"sf-dump-ellipsis sf-dump-ellipsis-note\">\\</span>FileBag</span> {<a class=sf-dump-ref>#50</a><samp data-depth=2 class=sf-dump-compact>
    #<span class=sf-dump-protected title=\"Protected property\">parameters</span>: []
  </samp>}
  +<span class=sf-dump-public title=\"Public property\">cookies</span>: <span class=sf-dump-note title=\"Symfony\\Component\\HttpFoundation\\InputBag
\"><span class=\"sf-dump-ellipsis sf-dump-ellipsis-note\">Symfony\\Component\\HttpFoundation</span><span class=\"sf-dump-ellipsis sf-dump-ellipsis-note\">\\</span>InputBag</span> {<a class=sf-dump-ref>#48</a><samp data-depth=2 class=sf-dump-compact>
    #<span class=sf-dump-protected title=\"Protected property\">parameters</span>: <span class=sf-dump-note>array:8</span> [<samp data-depth=3 class=sf-dump-compact>
      \"<span class=sf-dump-key>bc_admin_locale</span>\" => <span class=sf-dump-const>null</span>
      \"<span class=sf-dump-key>_ga</span>\" => <span class=sf-dump-const>null</span>
      \"<span class=sf-dump-key>_clck</span>\" => <span class=sf-dump-const>null</span>
      \"<span class=sf-dump-key>_ga_7R7JN115Y0</span>\" => <span class=sf-dump-const>null</span>
      \"<span class=sf-dump-key>_ga_VCPFZZ4XLV</span>\" => <span class=sf-dump-const>null</span>
      \"<span class=sf-dump-key>remember_web_59ba36addc2b2f9401580f014c7f58ea4e30989d</span>\" => \"<span class=sf-dump-str title=\"123 characters\">1|QrSZWG1mFq1ZeRfL6CvvPeBcT02aZOMPk6bmLRf7w2todetlr77pKVaiTOM3|$2y$10$DrUwqPe39YaDZswXyD0Nj.280WoUmWpjDHBuZx/EzGyFpKv9jzFo6</span>\"
      \"<span class=sf-dump-key>XSRF-TOKEN</span>\" => \"<span class=sf-dump-str title=\"40 characters\">VBmHDjCUvcSeJneoXV4KavDfiFBNxxOjE3NHLz5B</span>\"
      \"<span class=sf-dump-key>integrated_pos_system_session</span>\" => \"<span class=sf-dump-str title=\"40 characters\">HSYgfC2U146C6I1Mcm7izjVOGk00xmNLOcGjeIFc</span>\"
    </samp>]
  </samp>}
  +<span class=sf-dump-public title=\"Public property\">headers</span>: <span class=sf-dump-note title=\"Symfony\\Component\\HttpFoundation\\HeaderBag
\"><span class=\"sf-dump-ellipsis sf-dump-ellipsis-note\">Symfony\\Component\\HttpFoundation</span><span class=\"sf-dump-ellipsis sf-dump-ellipsis-note\">\\</span>HeaderBag</span> {<a class=sf-dump-ref>#51</a><samp data-depth=2 class=sf-dump-compact>
    #<span class=sf-dump-protected title=\"Protected property\">headers</span>: <span class=sf-dump-note>array:17</span> [<samp data-depth=3 class=sf-dump-compact>
      \"<span class=sf-dump-key>host</span>\" => <span class=sf-dump-note>array:1</span> [ &#8230;1]
      \"<span class=sf-dump-key>connection</span>\" => <span class=sf-dump-note>array:1</span> [ &#8230;1]
      \"<span class=sf-dump-key>cache-control</span>\" => <span class=sf-dump-note>array:1</span> [ &#8230;1]
      \"<span class=sf-dump-key>sec-ch-ua</span>\" => <span class=sf-dump-note>array:1</span> [ &#8230;1]
      \"<span class=sf-dump-key>sec-ch-ua-mobile</span>\" => <span class=sf-dump-note>array:1</span> [ &#8230;1]
      \"<span class=sf-dump-key>sec-ch-ua-platform</span>\" => <span class=sf-dump-note>array:1</span> [ &#8230;1]
      \"<span class=sf-dump-key>upgrade-insecure-requests</span>\" => <span class=sf-dump-note>array:1</span> [ &#8230;1]
      \"<span class=sf-dump-key>user-agent</span>\" => <span class=sf-dump-note>array:1</span> [ &#8230;1]
      \"<span class=sf-dump-key>accept</span>\" => <span class=sf-dump-note>array:1</span> [ &#8230;1]
      \"<span class=sf-dump-key>sec-fetch-site</span>\" => <span class=sf-dump-note>array:1</span> [ &#8230;1]
      \"<span class=sf-dump-key>sec-fetch-mode</span>\" => <span class=sf-dump-note>array:1</span> [ &#8230;1]
      \"<span class=sf-dump-key>sec-fetch-user</span>\" => <span class=sf-dump-note>array:1</span> [ &#8230;1]
      \"<span class=sf-dump-key>sec-fetch-dest</span>\" => <span class=sf-dump-note>array:1</span> [ &#8230;1]
      \"<span class=sf-dump-key>referer</span>\" => <span class=sf-dump-note>array:1</span> [ &#8230;1]
      \"<span class=sf-dump-key>accept-encoding</span>\" => <span class=sf-dump-note>array:1</span> [ &#8230;1]
      \"<span class=sf-dump-key>accept-language</span>\" => <span class=sf-dump-note>array:1</span> [ &#8230;1]
      \"<span class=sf-dump-key>cookie</span>\" => <span class=sf-dump-note>array:1</span> [ &#8230;1]
    </samp>]
    #<span class=sf-dump-protected title=\"Protected property\">cacheControl</span>: <span class=sf-dump-note>array:1</span> [<samp data-depth=3 class=sf-dump-compact>
      \"<span class=sf-dump-key>max-age</span>\" => \"<span class=sf-dump-str>0</span>\"
    </samp>]
  </samp>}
  #<span class=sf-dump-protected title=\"Protected property\">content</span>: <span class=sf-dump-const>null</span>
  #<span class=sf-dump-protected title=\"Protected property\">languages</span>: <span class=sf-dump-const>null</span>
  #<span class=sf-dump-protected title=\"Protected property\">charsets</span>: <span class=sf-dump-const>null</span>
  #<span class=sf-dump-protected title=\"Protected property\">encodings</span>: <span class=sf-dump-const>null</span>
  #<span class=sf-dump-protected title=\"Protected property\">acceptableContentTypes</span>: <span class=sf-dump-const>null</span>
  #<span class=sf-dump-protected title=\"Protected property\">pathInfo</span>: \"<span class=sf-dump-str title=\"25 characters\">/stock-adjustments/create</span>\"
  #<span class=sf-dump-protected title=\"Protected property\">requestUri</span>: \"<span class=sf-dump-str title=\"25 characters\">/stock-adjustments/create</span>\"
  #<span class=sf-dump-protected title=\"Protected property\">baseUrl</span>: \"\"
  #<span class=sf-dump-protected title=\"Protected property\">basePath</span>: <span class=sf-dump-const>null</span>
  #<span class=sf-dump-protected title=\"Protected property\">method</span>: \"<span class=sf-dump-str title=\"3 characters\">GET</span>\"
  #<span class=sf-dump-protected title=\"Protected property\">format</span>: <span class=sf-dump-const>null</span>
  #<span class=sf-dump-protected title=\"Protected property\">session</span>: <span class=sf-dump-note title=\"Illuminate\\Session\\Store
\"><span class=\"sf-dump-ellipsis sf-dump-ellipsis-note\">Illuminate\\Session</span><span class=\"sf-dump-ellipsis sf-dump-ellipsis-note\">\\</span>Store</span> {<a class=sf-dump-ref>#2549</a><samp data-depth=2 class=sf-dump-compact>
    #<span class=sf-dump-protected title=\"Protected property\">id</span>: \"<span class=sf-dump-str title=\"40 characters\">HSYgfC2U146C6I1Mcm7izjVOGk00xmNLOcGjeIFc</span>\"
    #<span class=sf-dump-protected title=\"Protected property\">name</span>: \"<span class=sf-dump-str title=\"29 characters\">integrated_pos_system_session</span>\"
    #<span class=sf-dump-protected title=\"Protected property\">attributes</span>: <span class=sf-dump-note>array:9</span> [<samp data-depth=3 class=sf-dump-compact>
      \"<span class=sf-dump-key>_previous</span>\" => <span class=sf-dump-note>array:1</span> [ &#8230;1]
      \"<span class=sf-dump-key>_flash</span>\" => <span class=sf-dump-note>array:2</span> [ &#8230;2]
      \"<span class=sf-dump-key>_token</span>\" => \"<span class=sf-dump-str title=\"40 characters\">VBmHDjCUvcSeJneoXV4KavDfiFBNxxOjE3NHLz5B</span>\"
      \"<span class=sf-dump-key>login_web_59ba36addc2b2f9401580f014c7f58ea4e30989d</span>\" => <span class=sf-dump-num>1</span>
      \"<span class=sf-dump-key>auth</span>\" => <span class=sf-dump-note>array:1</span> [ &#8230;1]
      \"<span class=sf-dump-key>user</span>\" => <span class=sf-dump-note>array:7</span> [ &#8230;7]
      \"<span class=sf-dump-key>business</span>\" => <span class=sf-dump-note title=\"App\\Business
\"><span class=\"sf-dump-ellipsis sf-dump-ellipsis-note\">App</span><span class=\"sf-dump-ellipsis sf-dump-ellipsis-note\">\\</span>Business</span> {<a class=sf-dump-ref>#2551</a> &#8230;30}
      \"<span class=sf-dump-key>currency</span>\" => <span class=sf-dump-note>array:5</span> [ &#8230;5]
      \"<span class=sf-dump-key>financial_year</span>\" => <span class=sf-dump-note>array:2</span> [ &#8230;2]
    </samp>]
    #<span class=sf-dump-protected title=\"Protected property\">handler</span>: <span class=sf-dump-note title=\"Illuminate\\Session\\FileSessionHandler
\"><span class=\"sf-dump-ellipsis sf-dump-ellipsis-note\">Illuminate\\Session</span><span class=\"sf-dump-ellipsis sf-dump-ellipsis-note\">\\</span>FileSessionHandler</span> {<a class=sf-dump-ref>#2517</a><samp data-depth=3 class=sf-dump-compact>
      #<span class=sf-dump-protected title=\"Protected property\">files</span>: <span class=sf-dump-note title=\"Illuminate\\Filesystem\\Filesystem
\"><span class=\"sf-dump-ellipsis sf-dump-ellipsis-note\">Illuminate\\Filesystem</span><span class=\"sf-dump-ellipsis sf-dump-ellipsis-note\">\\</span>Filesystem</span> {<a class=sf-dump-ref>#262</a>}
      #<span class=sf-dump-protected title=\"Protected property\">path</span>: \"<span class=sf-dump-str title=\"65 characters\">/Users/macbookair/Developer/pos_shanto/storage/framework/sessions</span>\"
      #<span class=sf-dump-protected title=\"Protected property\">minutes</span>: <span class=sf-dump-num>120</span>
    </samp>}
    #<span class=sf-dump-protected title=\"Protected property\">serialization</span>: \"<span class=sf-dump-str title=\"3 characters\">php</span>\"
    #<span class=sf-dump-protected title=\"Protected property\">started</span>: <span class=sf-dump-const>true</span>
  </samp>}
  #<span class=sf-dump-protected title=\"Protected property\">locale</span>: <span class=sf-dump-const>null</span>
  #<span class=sf-dump-protected title=\"Protected property\">defaultLocale</span>: \"<span class=sf-dump-str title=\"2 characters\">en</span>\"
  -<span class=sf-dump-private title=\"Private property defined in class:&#10;`Symfony\\Component\\HttpFoundation\\Request`\">preferredFormat</span>: <span class=sf-dump-const>null</span>
  -<span class=sf-dump-private title=\"Private property defined in class:&#10;`Symfony\\Component\\HttpFoundation\\Request`\">isHostValid</span>: <span class=sf-dump-const>true</span>
  -<span class=sf-dump-private title=\"Private property defined in class:&#10;`Symfony\\Component\\HttpFoundation\\Request`\">isForwardedValid</span>: <span class=sf-dump-const>true</span>
  -<span class=sf-dump-private title=\"Private property defined in class:&#10;`Symfony\\Component\\HttpFoundation\\Request`\">isSafeContentPreferred</span>: <span class=sf-dump-const title=\"Uninitialized property\">? bool</span>
  -<span class=sf-dump-private title=\"Private property defined in class:&#10;`Symfony\\Component\\HttpFoundation\\Request`\">trustedValuesCache</span>: []
  -<span class=sf-dump-private title=\"Private property defined in class:&#10;`Symfony\\Component\\HttpFoundation\\Request`\">isIisRewrite</span>: <span class=sf-dump-const>false</span>
  #<span class=sf-dump-protected title=\"Protected property\">json</span>: <span class=sf-dump-const>null</span>
  #<span class=sf-dump-protected title=\"Protected property\">convertedFiles</span>: []
  #<span class=sf-dump-protected title=\"Protected property\">userResolver</span>: <span class=sf-dump-note>Closure($guard = null)</span> {<a class=sf-dump-ref>#2258</a><samp data-depth=2 class=sf-dump-compact>
    <span class=sf-dump-meta>class</span>: \"<span class=sf-dump-str title=\"Illuminate\\Auth\\AuthServiceProvider
35 characters\"><span class=\"sf-dump-ellipsis sf-dump-ellipsis-class\">Illuminate\\Auth</span><span class=\"sf-dump-ellipsis sf-dump-ellipsis-class\">\\</span>AuthServiceProvider</span>\"
    <span class=sf-dump-meta>this</span>: <span class=sf-dump-note title=\"Illuminate\\Auth\\AuthServiceProvider
\"><span class=\"sf-dump-ellipsis sf-dump-ellipsis-note\">Illuminate\\Auth</span><span class=\"sf-dump-ellipsis sf-dump-ellipsis-note\">\\</span>AuthServiceProvider</span> {<a class=sf-dump-ref>#224</a> &#8230;}
    <span class=sf-dump-meta>use</span>: {<samp data-depth=3 class=sf-dump-compact>
      <span class=sf-dump-meta>$app</span>: <span class=sf-dump-note title=\"Illuminate\\Foundation\\Application
\"><span class=\"sf-dump-ellipsis sf-dump-ellipsis-note\">Illuminate\\Foundation</span><span class=\"sf-dump-ellipsis sf-dump-ellipsis-note\">\\</span>Application</span> {<a class=sf-dump-ref>#4</a> &#8230;}
    </samp>}
    <span class=sf-dump-meta>file</span>: \"<span class=sf-dump-str title=\"/Users/macbookair/Developer/pos_shanto/vendor/laravel/framework/src/Illuminate/Auth/AuthServiceProvider.php
107 characters\"><span class=\"sf-dump-ellipsis sf-dump-ellipsis-path\">/Users/macbookair/Developer/pos_shanto/vendor</span><span class=\"sf-dump-ellipsis sf-dump-ellipsis-path\">/laravel/framework/</span>src/Illuminate/Auth/AuthServiceProvider.php</span>\"
    <span class=sf-dump-meta>line</span>: \"<span class=sf-dump-str title=\"8 characters\">88 to 90</span>\"
  </samp>}
  #<span class=sf-dump-protected title=\"Protected property\">routeResolver</span>: <span class=sf-dump-note>Closure()</span> {<a class=sf-dump-ref>#1632</a><samp data-depth=2 class=sf-dump-compact>
    <span class=sf-dump-meta>class</span>: \"<span class=sf-dump-str title=\"Illuminate\\Routing\\Router
25 characters\"><span class=\"sf-dump-ellipsis sf-dump-ellipsis-class\">Illuminate\\Routing</span><span class=\"sf-dump-ellipsis sf-dump-ellipsis-class\">\\</span>Router</span>\"
    <span class=sf-dump-meta>this</span>: <span class=sf-dump-note title=\"Illuminate\\Routing\\Router
\"><span class=\"sf-dump-ellipsis sf-dump-ellipsis-note\">Illuminate\\Routing</span><span class=\"sf-dump-ellipsis sf-dump-ellipsis-note\">\\</span>Router</span> {<a class=sf-dump-ref>#28</a> &#8230;}
    <span class=sf-dump-meta>use</span>: {<samp data-depth=3 class=sf-dump-compact>
      <span class=sf-dump-meta>$route</span>: <span class=sf-dump-note title=\"Illuminate\\Routing\\Route
\"><span class=\"sf-dump-ellipsis sf-dump-ellipsis-note\">Illuminate\\Routing</span><span class=\"sf-dump-ellipsis sf-dump-ellipsis-note\">\\</span>Route</span> {<a class=sf-dump-ref>#1843</a> &#8230;}
    </samp>}
    <span class=sf-dump-meta>file</span>: \"<span class=sf-dump-str title=\"/Users/macbookair/Developer/pos_shanto/vendor/laravel/framework/src/Illuminate/Routing/Router.php
97 characters\"><span class=\"sf-dump-ellipsis sf-dump-ellipsis-path\">/Users/macbookair/Developer/pos_shanto/vendor</span><span class=\"sf-dump-ellipsis sf-dump-ellipsis-path\">/laravel/framework/</span>src/Illuminate/Routing/Router.php</span>\"
    <span class=sf-dump-meta>line</span>: \"<span class=sf-dump-str title=\"10 characters\">771 to 771</span>\"
  </samp>}
  <span class=sf-dump-meta>basePath</span>: \"\"
  <span class=sf-dump-meta>format</span>: \"<span class=sf-dump-str title=\"4 characters\">html</span>\"
</samp>}
</pre><script>Sfdump(\"sf-dump-303182785\", {\"maxDepth\":3,\"maxStringLength\":160})</script>
","pos_layout":"<pre class=sf-dump id=sf-dump-1535594402 data-indent-pad=\"  \"><span class=sf-dump-const>false</span>
</pre><script>Sfdump(\"sf-dump-1535594402\", {\"maxDepth\":3,\"maxStringLength\":160})</script>
","whitelist":"<pre class=sf-dump id=sf-dump-1220181002 data-indent-pad=\"  \"><span class=sf-dump-note>array:2</span> [<samp data-depth=1 class=sf-dump-expanded>
  <span class=sf-dump-index>0</span> => \"<span class=sf-dump-str title=\"9 characters\">127.0.0.1</span>\"
  <span class=sf-dump-index>1</span> => \"<span class=sf-dump-str title=\"3 characters\">::1</span>\"
</samp>]
</pre><script>Sfdump(\"sf-dump-1220181002\", {\"maxDepth\":3,\"maxStringLength\":160})</script>
","vp_users_vendo_page":"<pre class=sf-dump id=sf-dump-629811609 data-indent-pad=\"  \"><span class=sf-dump-const>false</span>
</pre><script>Sfdump(\"sf-dump-629811609\", {\"maxDepth\":3,\"maxStringLength\":160})</script>
","vp_purchases_vendo_page":"<pre class=sf-dump id=sf-dump-1106477387 data-indent-pad=\"  \"><span class=sf-dump-const>false</span>
</pre><script>Sfdump(\"sf-dump-1106477387\", {\"maxDepth\":3,\"maxStringLength\":160})</script>
","vp_stock_transfer_vendo_page":"<pre class=sf-dump id=sf-dump-219906316 data-indent-pad=\"  \"><span class=sf-dump-const>false</span>
</pre><script>Sfdump(\"sf-dump-219906316\", {\"maxDepth\":3,\"maxStringLength\":160})</script>
","vp_stock_adjustment_vendo_page":"<pre class=sf-dump id=sf-dump-1384120865 data-indent-pad=\"  \"><span class=sf-dump-const>false</span>
</pre><script>Sfdump(\"sf-dump-1384120865\", {\"maxDepth\":3,\"maxStringLength\":160})</script>
","vp_expenses_vendo_page":"<pre class=sf-dump id=sf-dump-96342824 data-indent-pad=\"  \"><span class=sf-dump-const>false</span>
</pre><script>Sfdump(\"sf-dump-96342824\", {\"maxDepth\":3,\"maxStringLength\":160})</script>
","vp_profit_loss_vendo_page":"<pre class=sf-dump id=sf-dump-187302217 data-indent-pad=\"  \"><span class=sf-dump-const>false</span>
</pre><script>Sfdump(\"sf-dump-187302217\", {\"maxDepth\":3,\"maxStringLength\":160})</script>
","vp_business_settings_vendo_page":"<pre class=sf-dump id=sf-dump-485299657 data-indent-pad=\"  \"><span class=sf-dump-const>false</span>
</pre><script>Sfdump(\"sf-dump-485299657\", {\"maxDepth\":3,\"maxStringLength\":160})</script>
","vp_path":"<pre class=sf-dump id=sf-dump-1839901567 data-indent-pad=\"  \">\"<span class=sf-dump-str title=\"24 characters\">stock-adjustments/create</span>\"
</pre><script>Sfdump(\"sf-dump-1839901567\", {\"maxDepth\":3,\"maxStringLength\":160})</script>
","vpVendoShellPrefixes":"<pre class=sf-dump id=sf-dump-270577913 data-indent-pad=\"  \"><span class=sf-dump-note>array:49</span> [<samp data-depth=1 class=sf-dump-expanded>
  <span class=sf-dump-index>0</span> => \"<span class=sf-dump-str title=\"8 characters\">products</span>\"
  <span class=sf-dump-index>1</span> => \"<span class=sf-dump-str title=\"8 characters\">expenses</span>\"
  <span class=sf-dump-index>2</span> => \"<span class=sf-dump-str title=\"9 characters\">purchases</span>\"
  <span class=sf-dump-index>3</span> => \"<span class=sf-dump-str title=\"5 characters\">users</span>\"
  <span class=sf-dump-index>4</span> => \"<span class=sf-dump-str title=\"5 characters\">user/</span>\"
  <span class=sf-dump-index>5</span> => \"<span class=sf-dump-str title=\"8 characters\">contacts</span>\"
  <span class=sf-dump-index>6</span> => \"<span class=sf-dump-str title=\"15 characters\">stock-transfers</span>\"
  <span class=sf-dump-index>7</span> => \"<span class=sf-dump-str title=\"17 characters\">stock-adjustments</span>\"
  <span class=sf-dump-index>8</span> => \"<span class=sf-dump-str title=\"5 characters\">sells</span>\"
  <span class=sf-dump-index>9</span> => \"<span class=sf-dump-str title=\"11 characters\">sell-return</span>\"
  <span class=sf-dump-index>10</span> => \"<span class=sf-dump-str title=\"7 characters\">reports</span>\"
  <span class=sf-dump-index>11</span> => \"<span class=sf-dump-str title=\"6 characters\">backup</span>\"
  <span class=sf-dump-index>12</span> => \"<span class=sf-dump-str title=\"22 characters\">notification-templates</span>\"
  <span class=sf-dump-index>13</span> => \"<span class=sf-dump-str title=\"8 characters\">business</span>\"
  <span class=sf-dump-index>14</span> => \"<span class=sf-dump-str title=\"5 characters\">roles</span>\"
  <span class=sf-dump-index>15</span> => \"<span class=sf-dump-str title=\"6 characters\">brands</span>\"
  <span class=sf-dump-index>16</span> => \"<span class=sf-dump-str title=\"9 characters\">tax-rates</span>\"
  <span class=sf-dump-index>17</span> => \"<span class=sf-dump-str title=\"5 characters\">units</span>\"
  <span class=sf-dump-index>18</span> => \"<span class=sf-dump-str title=\"8 characters\">barcodes</span>\"
  <span class=sf-dump-index>19</span> => \"<span class=sf-dump-str title=\"15 characters\">invoice-schemes</span>\"
  <span class=sf-dump-index>20</span> => \"<span class=sf-dump-str title=\"15 characters\">invoice-layouts</span>\"
  <span class=sf-dump-index>21</span> => \"<span class=sf-dump-str title=\"6 characters\">labels</span>\"
  <span class=sf-dump-index>22</span> => \"<span class=sf-dump-str title=\"11 characters\">group-taxes</span>\"
  <span class=sf-dump-index>23</span> => \"<span class=sf-dump-str title=\"15 characters\">ledger-discount</span>\"
  <span class=sf-dump-index>24</span> => \"<span class=sf-dump-str title=\"12 characters\">import-sales</span>\"
  <span class=sf-dump-index>25</span> => \"<span class=sf-dump-str title=\"20 characters\">purchase-requisition</span>\"
  <span class=sf-dump-index>26</span> => \"<span class=sf-dump-str title=\"10 characters\">taxonomies</span>\"
  <span class=sf-dump-index>27</span> => \"<span class=sf-dump-str title=\"19 characters\">variation-templates</span>\"
  <span class=sf-dump-index>28</span> => \"<span class=sf-dump-str title=\"15 characters\">payment-account</span>\"
  <span class=sf-dump-index>29</span> => \"<span class=sf-dump-str title=\"7 characters\">account</span>\"
  <span class=sf-dump-index>30</span> => \"<span class=sf-dump-str title=\"13 characters\">account-types</span>\"
  <span class=sf-dump-index>31</span> => \"<span class=sf-dump-str title=\"13 characters\">cash-register</span>\"
  <span class=sf-dump-index>32</span> => \"<span class=sf-dump-str title=\"13 characters\">opening-stock</span>\"
  <span class=sf-dump-index>33</span> => \"<span class=sf-dump-str title=\"20 characters\">import-opening-stock</span>\"
  <span class=sf-dump-index>34</span> => \"<span class=sf-dump-str title=\"8 characters\">discount</span>\"
  <span class=sf-dump-index>35</span> => \"<span class=sf-dump-str title=\"14 characters\">customer-group</span>\"
  <span class=sf-dump-index>36</span> => \"<span class=sf-dump-str title=\"19 characters\">selling-price-group</span>\"
  <span class=sf-dump-index>37</span> => \"<span class=sf-dump-str title=\"16 characters\">types-of-service</span>\"
  <span class=sf-dump-index>38</span> => \"<span class=sf-dump-str title=\"9 characters\">shipments</span>\"
  <span class=sf-dump-index>39</span> => \"<span class=sf-dump-str title=\"14 characters\">manage-modules</span>\"
  <span class=sf-dump-index>40</span> => \"<span class=sf-dump-str title=\"12 characters\">subscription</span>\"
  <span class=sf-dump-index>41</span> => \"<span class=sf-dump-str title=\"10 characters\">superadmin</span>\"
  <span class=sf-dump-index>42</span> => \"<span class=sf-dump-str title=\"9 characters\">connector</span>\"
  <span class=sf-dump-index>43</span> => \"<span class=sf-dump-str title=\"11 characters\">woocommerce</span>\"
  <span class=sf-dump-index>44</span> => \"<span class=sf-dump-str title=\"23 characters\">sales-commission-agents</span>\"
  <span class=sf-dump-index>45</span> => \"<span class=sf-dump-str title=\"8 characters\">bookings</span>\"
  <span class=sf-dump-index>46</span> => \"<span class=sf-dump-str title=\"8 characters\">modules/</span>\"
  <span class=sf-dump-index>47</span> => \"<span class=sf-dump-str title=\"10 characters\">warranties</span>\"
  <span class=sf-dump-index>48</span> => \"<span class=sf-dump-str title=\"8 characters\">calendar</span>\"
</samp>]
</pre><script>Sfdump(\"sf-dump-270577913\", {\"maxDepth\":3,\"maxStringLength\":160})</script>
","vp_vendo_scroll_shell":"<pre class=sf-dump id=sf-dump-1180210955 data-indent-pad=\"  \"><span class=sf-dump-const>true</span>
</pre><script>Sfdump(\"sf-dump-1180210955\", {\"maxDepth\":3,\"maxStringLength\":160})</script>
","prefix":"<pre class=sf-dump id=sf-dump-1472945558 data-indent-pad=\"  \">\"<span class=sf-dump-str title=\"17 characters\">stock-adjustments</span>\"
</pre><script>Sfdump(\"sf-dump-1472945558\", {\"maxDepth\":3,\"maxStringLength\":160})</script>
","is_home_dashboard":"<pre class=sf-dump id=sf-dump-983207508 data-indent-pad=\"  \"><span class=sf-dump-const>false</span>
</pre><script>Sfdump(\"sf-dump-983207508\", {\"maxDepth\":3,\"maxStringLength\":160})</script>
","global_dashboard_bg":"<pre class=sf-dump id=sf-dump-496178266 data-indent-pad=\"  \">\"<span class=sf-dump-str title=\"73 characters\">http://127.0.0.1:8000/images/49ec31f1f87aef66d6806918046454b221e3915a.jpg</span>\"
</pre><script>Sfdump(\"sf-dump-496178266\", {\"maxDepth\":3,\"maxStringLength\":160})</script>
","adminlte_skin_class":"<pre class=sf-dump id=sf-dump-21550508 data-indent-pad=\"  \">\"<span class=sf-dump-str title=\"15 characters\">skin-blue-light</span>\"
</pre><script>Sfdump(\"sf-dump-21550508\", {\"maxDepth\":3,\"maxStringLength\":160})</script>
"}},"userId":1,"exception":"[object] (Spatie\\LaravelIgnition\\Exceptions\\ViewException(code: 0): Undefined variable $isHomeDashboardHeader at /Users/macbookair/Developer/pos_shanto/resources/views/layouts/partials/header.blade.php:50)
[stacktrace]
#0 /Users/macbookair/Developer/pos_shanto/vendor/laravel/framework/src/Illuminate/Foundation/Bootstrap/HandleExceptions.php(270): Illuminate\\Foundation\\Bootstrap\\HandleExceptions->handleError(2, 'Undefined varia...', '/Users/macbooka...', 50)
#1 /Users/macbookair/Developer/pos_shanto/resources/views/layouts/partials/header.blade.php(50): Illuminate\\Foundation\\Bootstrap\\HandleExceptions->Illuminate\\Foundation\\Bootstrap\\{closure}(2, 'Undefined varia...', '/Users/macbooka...', 50)
#2 /Users/macbookair/Developer/pos_shanto/vendor/laravel/framework/src/Illuminate/Filesystem/Filesystem.php(109): require('/Users/macbooka...')
#3 /Users/macbookair/Developer/pos_shanto/vendor/laravel/framework/src/Illuminate/Filesystem/Filesystem.php(110): Illuminate\\Filesystem\\Filesystem::Illuminate\\Filesystem\\{closure}()
#4 /Users/macbookair/Developer/pos_shanto/vendor/laravel/framework/src/Illuminate/View/Engines/PhpEngine.php(58): Illuminate\\Filesystem\\Filesystem->getRequire('/Users/macbooka...', Array)
#5 /Users/macbookair/Developer/pos_shanto/vendor/laravel/framework/src/Illuminate/View/Engines/CompilerEngine.php(70): Illuminate\\View\\Engines\\PhpEngine->evaluatePath('/Users/macbooka...', Array)
#6 /Users/macbookair/Developer/pos_shanto/vendor/laravel/framework/src/Illuminate/View/View.php(195): Illuminate\\View\\Engines\\CompilerEngine->get('/Users/macbooka...', Array)
#7 /Users/macbookair/Developer/pos_shanto/vendor/laravel/framework/src/Illuminate/View/View.php(178): Illuminate\\View\\View->getContents()
#8 /Users/macbookair/Developer/pos_shanto/vendor/laravel/framework/src/Illuminate/View/View.php(147): Illuminate\\View\\View->renderContents()
#9 /Users/macbookair/Developer/pos_shanto/resources/views/layouts/app.blade.php(217): Illuminate\\View\\View->render()
#10 /Users/macbookair/Developer/pos_shanto/vendor/laravel/framework/src/Illuminate/Filesystem/Filesystem.php(109): require('/Users/macbooka...')
#11 /Users/macbookair/Developer/pos_shanto/vendor/laravel/framework/src/Illuminate/Filesystem/Filesystem.php(110): Illuminate\\Filesystem\\Filesystem::Illuminate\\Filesystem\\{closure}()
#12 /Users/macbookair/Developer/pos_shanto/vendor/laravel/framework/src/Illuminate/View/Engines/PhpEngine.php(58): Illuminate\\Filesystem\\Filesystem->getRequire('/Users/macbooka...', Array)
#13 /Users/macbookair/Developer/pos_shanto/vendor/laravel/framework/src/Illuminate/View/Engines/CompilerEngine.php(70): Illuminate\\View\\Engines\\PhpEngine->evaluatePath('/Users/macbooka...', Array)
#14 /Users/macbookair/Developer/pos_shanto/vendor/laravel/framework/src/Illuminate/View/View.php(195): Illuminate\\View\\Engines\\CompilerEngine->get('/Users/macbooka...', Array)
#15 /Users/macbookair/Developer/pos_shanto/vendor/laravel/framework/src/Illuminate/View/View.php(178): Illuminate\\View\\View->getContents()
#16 /Users/macbookair/Developer/pos_shanto/vendor/laravel/framework/src/Illuminate/View/View.php(147): Illuminate\\View\\View->renderContents()
#17 /Users/macbookair/Developer/pos_shanto/resources/views/stock_adjustment/create.blade.php(168): Illuminate\\View\\View->render()
#18 /Users/macbookair/Developer/pos_shanto/vendor/laravel/framework/src/Illuminate/Filesystem/Filesystem.php(109): require('/Users/macbooka...')
#19 /Users/macbookair/Developer/pos_shanto/vendor/laravel/framework/src/Illuminate/Filesystem/Filesystem.php(110): Illuminate\\Filesystem\\Filesystem::Illuminate\\Filesystem\\{closure}()
#20 /Users/macbookair/Developer/pos_shanto/vendor/laravel/framework/src/Illuminate/View/Engines/PhpEngine.php(58): Illuminate\\Filesystem\\Filesystem->getRequire('/Users/macbooka...', Array)
#21 /Users/macbookair/Developer/pos_shanto/vendor/laravel/framework/src/Illuminate/View/Engines/CompilerEngine.php(70): Illuminate\\View\\Engines\\PhpEngine->evaluatePath('/Users/macbooka...', Array)
#22 /Users/macbookair/Developer/pos_shanto/vendor/laravel/framework/src/Illuminate/View/View.php(195): Illuminate\\View\\Engines\\CompilerEngine->get('/Users/macbooka...', Array)
#23 /Users/macbookair/Developer/pos_shanto/vendor/laravel/framework/src/Illuminate/View/View.php(178): Illuminate\\View\\View->getContents()
#24 /Users/macbookair/Developer/pos_shanto/vendor/laravel/framework/src/Illuminate/View/View.php(147): Illuminate\\View\\View->renderContents()
#25 /Users/macbookair/Developer/pos_shanto/vendor/laravel/framework/src/Illuminate/Http/Response.php(69): Illuminate\\View\\View->render()
#26 /Users/macbookair/Developer/pos_shanto/vendor/laravel/framework/src/Illuminate/Http/Response.php(35): Illuminate\\Http\\Response->setContent(Object(Illuminate\\View\\View))
#27 /Users/macbookair/Developer/pos_shanto/vendor/laravel/framework/src/Illuminate/Routing/Router.php(906): Illuminate\\Http\\Response->__construct(Object(Illuminate\\View\\View), 200, Array)
#28 /Users/macbookair/Developer/pos_shanto/vendor/laravel/framework/src/Illuminate/Routing/Router.php(875): Illuminate\\Routing\\Router::toResponse(Object(Illuminate\\Http\\Request), Object(Illuminate\\View\\View))
#29 /Users/macbookair/Developer/pos_shanto/vendor/laravel/framework/src/Illuminate/Routing/Router.php(797): Illuminate\\Routing\\Router->prepareResponse(Object(Illuminate\\Http\\Request), Object(Illuminate\\View\\View))
#30 /Users/macbookair/Developer/pos_shanto/vendor/laravel/framework/src/Illuminate/Pipeline/Pipeline.php(141): Illuminate\\Routing\\Router->Illuminate\\Routing\\{closure}(Object(Illuminate\\Http\\Request))
#31 /Users/macbookair/Developer/pos_shanto/app/Http/Middleware/CheckUserLogin.php(22): Illuminate\\Pipeline\\Pipeline->Illuminate\\Pipeline\\{closure}(Object(Illuminate\\Http\\Request))
#32 /Users/macbookair/Developer/pos_shanto/vendor/laravel/framework/src/Illuminate/Pipeline/Pipeline.php(180): App\\Http\\Middleware\\CheckUserLogin->handle(Object(Illuminate\\Http\\Request), Object(Closure))
#33 /Users/macbookair/Developer/pos_shanto/app/Http/Middleware/AdminSidebarMenu.php(876): Illuminate\\Pipeline\\Pipeline->Illuminate\\Pipeline\\{closure}(Object(Illuminate\\Http\\Request))
#34 /Users/macbookair/Developer/pos_shanto/vendor/laravel/framework/src/Illuminate/Pipeline/Pipeline.php(180): App\\Http\\Middleware\\AdminSidebarMenu->handle(Object(Illuminate\\Http\\Request), Object(Closure))
#35 /Users/macbookair/Developer/pos_shanto/app/Http/Middleware/Timezone.php(30): Illuminate\\Pipeline\\Pipeline->Illuminate\\Pipeline\\{closure}(Object(Illuminate\\Http\\Request))
#36 /Users/macbookair/Developer/pos_shanto/vendor/laravel/framework/src/Illuminate/Pipeline/Pipeline.php(180): App\\Http\\Middleware\\Timezone->handle(Object(Illuminate\\Http\\Request), Object(Closure))
#37 /Users/macbookair/Developer/pos_shanto/app/Http/Middleware/Language.php(25): Illuminate\\Pipeline\\Pipeline->Illuminate\\Pipeline\\{closure}(Object(Illuminate\\Http\\Request))
#38 /Users/macbookair/Developer/pos_shanto/vendor/laravel/framework/src/Illuminate/Pipeline/Pipeline.php(180): App\\Http\\Middleware\\Language->handle(Object(Illuminate\\Http\\Request), Object(Closure))
#39 /Users/macbookair/Developer/pos_shanto/app/Http/Middleware/SetSessionData.php(52): Illuminate\\Pipeline\\Pipeline->Illuminate\\Pipeline\\{closure}(Object(Illuminate\\Http\\Request))
#40 /Users/macbookair/Developer/pos_shanto/vendor/laravel/framework/src/Illuminate/Pipeline/Pipeline.php(180): App\\Http\\Middleware\\SetSessionData->handle(Object(Illuminate\\Http\\Request), Object(Closure))
#41 /Users/macbookair/Developer/pos_shanto/app/Http/Middleware/IsInstalled.php(50): Illuminate\\Pipeline\\Pipeline->Illuminate\\Pipeline\\{closure}(Object(Illuminate\\Http\\Request))
#42 /Users/macbookair/Developer/pos_shanto/vendor/laravel/framework/src/Illuminate/Pipeline/Pipeline.php(180): App\\Http\\Middleware\\IsInstalled->handle(Object(Illuminate\\Http\\Request), Object(Closure))
#43 /Users/macbookair/Developer/pos_shanto/vendor/laravel/framework/src/Illuminate/Routing/Middleware/SubstituteBindings.php(50): Illuminate\\Pipeline\\Pipeline->Illuminate\\Pipeline\\{closure}(Object(Illuminate\\Http\\Request))
#44 /Users/macbookair/Developer/pos_shanto/vendor/laravel/framework/src/Illuminate/Pipeline/Pipeline.php(180): Illuminate\\Routing\\Middleware\\SubstituteBindings->handle(Object(Illuminate\\Http\\Request), Object(Closure))
#45 /Users/macbookair/Developer/pos_shanto/vendor/laravel/framework/src/Illuminate/Auth/Middleware/Authenticate.php(44): Illuminate\\Pipeline\\Pipeline->Illuminate\\Pipeline\\{closure}(Object(Illuminate\\Http\\Request))
#46 /Users/macbookair/Developer/pos_shanto/vendor/laravel/framework/src/Illuminate/Pipeline/Pipeline.php(180): Illuminate\\Auth\\Middleware\\Authenticate->handle(Object(Illuminate\\Http\\Request), Object(Closure))
#47 /Users/macbookair/Developer/pos_shanto/vendor/laravel/framework/src/Illuminate/Foundation/Http/Middleware/VerifyCsrfToken.php(78): Illuminate\\Pipeline\\Pipeline->Illuminate\\Pipeline\\{closure}(Object(Illuminate\\Http\\Request))
#48 /Users/macbookair/Developer/pos_shanto/vendor/laravel/framework/src/Illuminate/Pipeline/Pipeline.php(180): Illuminate\\Foundation\\Http\\Middleware\\VerifyCsrfToken->handle(Object(Illuminate\\Http\\Request), Object(Closure))
#49 /Users/macbookair/Developer/pos_shanto/vendor/laravel/framework/src/Illuminate/View/Middleware/ShareErrorsFromSession.php(49): Illuminate\\Pipeline\\Pipeline->Illuminate\\Pipeline\\{closure}(Object(Illuminate\\Http\\Request))
#50 /Users/macbookair/Developer/pos_shanto/vendor/laravel/framework/src/Illuminate/Pipeline/Pipeline.php(180): Illuminate\\View\\Middleware\\ShareErrorsFromSession->handle(Object(Illuminate\\Http\\Request), Object(Closure))
#51 /Users/macbookair/Developer/pos_shanto/vendor/laravel/framework/src/Illuminate/Session/Middleware/StartSession.php(121): Illuminate\\Pipeline\\Pipeline->Illuminate\\Pipeline\\{closure}(Object(Illuminate\\Http\\Request))
#52 /Users/macbookair/Developer/pos_shanto/vendor/laravel/framework/src/Illuminate/Session/Middleware/StartSession.php(64): Illuminate\\Session\\Middleware\\StartSession->handleStatefulRequest(Object(Illuminate\\Http\\Request), Object(Illuminate\\Session\\Store), Object(Closure))
#53 /Users/macbookair/Developer/pos_shanto/vendor/laravel/framework/src/Illuminate/Pipeline/Pipeline.php(180): Illuminate\\Session\\Middleware\\StartSession->handle(Object(Illuminate\\Http\\Request), Object(Closure))
#54 /Users/macbookair/Developer/pos_shanto/vendor/laravel/framework/src/Illuminate/Cookie/Middleware/AddQueuedCookiesToResponse.php(37): Illuminate\\Pipeline\\Pipeline->Illuminate\\Pipeline\\{closure}(Object(Illuminate\\Http\\Request))
#55 /Users/macbookair/Developer/pos_shanto/vendor/laravel/framework/src/Illuminate/Pipeline/Pipeline.php(180): Illuminate\\Cookie\\Middleware\\AddQueuedCookiesToResponse->handle(Object(Illuminate\\Http\\Request), Object(Closure))
#56 /Users/macbookair/Developer/pos_shanto/vendor/laravel/framework/src/Illuminate/Cookie/Middleware/EncryptCookies.php(67): Illuminate\\Pipeline\\Pipeline->Illuminate\\Pipeline\\{closure}(Object(Illuminate\\Http\\Request))
#57 /Users/macbookair/Developer/pos_shanto/vendor/laravel/framework/src/Illuminate/Pipeline/Pipeline.php(180): Illuminate\\Cookie\\Middleware\\EncryptCookies->handle(Object(Illuminate\\Http\\Request), Object(Closure))
#58 /Users/macbookair/Developer/pos_shanto/vendor/laravel/framework/src/Illuminate/Pipeline/Pipeline.php(116): Illuminate\\Pipeline\\Pipeline->Illuminate\\Pipeline\\{closure}(Object(Illuminate\\Http\\Request))
#59 /Users/macbookair/Developer/pos_shanto/vendor/laravel/framework/src/Illuminate/Routing/Router.php(797): Illuminate\\Pipeline\\Pipeline->then(Object(Closure))
#60 /Users/macbookair/Developer/pos_shanto/vendor/laravel/framework/src/Illuminate/Routing/Router.php(776): Illuminate\\Routing\\Router->runRouteWithinStack(Object(Illuminate\\Routing\\Route), Object(Illuminate\\Http\\Request))
#61 /Users/macbookair/Developer/pos_shanto/vendor/laravel/framework/src/Illuminate/Routing/Router.php(740): Illuminate\\Routing\\Router->runRoute(Object(Illuminate\\Http\\Request), Object(Illuminate\\Routing\\Route))
#62 /Users/macbookair/Developer/pos_shanto/vendor/laravel/framework/src/Illuminate/Routing/Router.php(729): Illuminate\\Routing\\Router->dispatchToRoute(Object(Illuminate\\Http\\Request))
#63 /Users/macbookair/Developer/pos_shanto/vendor/laravel/framework/src/Illuminate/Foundation/Http/Kernel.php(190): Illuminate\\Routing\\Router->dispatch(Object(Illuminate\\Http\\Request))
#64 /Users/macbookair/Developer/pos_shanto/vendor/laravel/framework/src/Illuminate/Pipeline/Pipeline.php(141): Illuminate\\Foundation\\Http\\Kernel->Illuminate\\Foundation\\Http\\{closure}(Object(Illuminate\\Http\\Request))
#65 /Users/macbookair/Developer/pos_shanto/vendor/barryvdh/laravel-debugbar/src/Middleware/InjectDebugbar.php(59): Illuminate\\Pipeline\\Pipeline->Illuminate\\Pipeline\\{closure}(Object(Illuminate\\Http\\Request))
#66 /Users/macbookair/Developer/pos_shanto/vendor/laravel/framework/src/Illuminate/Pipeline/Pipeline.php(180): Barryvdh\\Debugbar\\Middleware\\InjectDebugbar->handle(Object(Illuminate\\Http\\Request), Object(Closure))
#67 /Users/macbookair/Developer/pos_shanto/vendor/laravel/framework/src/Illuminate/Foundation/Http/Middleware/TransformsRequest.php(21): Illuminate\\Pipeline\\Pipeline->Illuminate\\Pipeline\\{closure}(Object(Illuminate\\Http\\Request))
#68 /Users/macbookair/Developer/pos_shanto/vendor/laravel/framework/src/Illuminate/Foundation/Http/Middleware/ConvertEmptyStringsToNull.php(31): Illuminate\\Foundation\\Http\\Middleware\\TransformsRequest->handle(Object(Illuminate\\Http\\Request), Object(Closure))
#69 /Users/macbookair/Developer/pos_shanto/vendor/laravel/framework/src/Illuminate/Pipeline/Pipeline.php(180): Illuminate\\Foundation\\Http\\Middleware\\ConvertEmptyStringsToNull->handle(Object(Illuminate\\Http\\Request), Object(Closure))
#70 /Users/macbookair/Developer/pos_shanto/vendor/laravel/framework/src/Illuminate/Foundation/Http/Middleware/TransformsRequest.php(21): Illuminate\\Pipeline\\Pipeline->Illuminate\\Pipeline\\{closure}(Object(Illuminate\\Http\\Request))
#71 /Users/macbookair/Developer/pos_shanto/vendor/laravel/framework/src/Illuminate/Foundation/Http/Middleware/TrimStrings.php(40): Illuminate\\Foundation\\Http\\Middleware\\TransformsRequest->handle(Object(Illuminate\\Http\\Request), Object(Closure))
#72 /Users/macbookair/Developer/pos_shanto/vendor/laravel/framework/src/Illuminate/Pipeline/Pipeline.php(180): Illuminate\\Foundation\\Http\\Middleware\\TrimStrings->handle(Object(Illuminate\\Http\\Request), Object(Closure))
#73 /Users/macbookair/Developer/pos_shanto/vendor/laravel/framework/src/Illuminate/Foundation/Http/Middleware/ValidatePostSize.php(27): Illuminate\\Pipeline\\Pipeline->Illuminate\\Pipeline\\{closure}(Object(Illuminate\\Http\\Request))
#74 /Users/macbookair/Developer/pos_shanto/vendor/laravel/framework/src/Illuminate/Pipeline/Pipeline.php(180): Illuminate\\Foundation\\Http\\Middleware\\ValidatePostSize->handle(Object(Illuminate\\Http\\Request), Object(Closure))
#75 /Users/macbookair/Developer/pos_shanto/vendor/laravel/framework/src/Illuminate/Foundation/Http/Middleware/PreventRequestsDuringMaintenance.php(86): Illuminate\\Pipeline\\Pipeline->Illuminate\\Pipeline\\{closure}(Object(Illuminate\\Http\\Request))
#76 /Users/macbookair/Developer/pos_shanto/vendor/laravel/framework/src/Illuminate/Pipeline/Pipeline.php(180): Illuminate\\Foundation\\Http\\Middleware\\PreventRequestsDuringMaintenance->handle(Object(Illuminate\\Http\\Request), Object(Closure))
#77 /Users/macbookair/Developer/pos_shanto/vendor/laravel/framework/src/Illuminate/Http/Middleware/HandleCors.php(49): Illuminate\\Pipeline\\Pipeline->Illuminate\\Pipeline\\{closure}(Object(Illuminate\\Http\\Request))
#78 /Users/macbookair/Developer/pos_shanto/vendor/laravel/framework/src/Illuminate/Pipeline/Pipeline.php(180): Illuminate\\Http\\Middleware\\HandleCors->handle(Object(Illuminate\\Http\\Request), Object(Closure))
#79 /Users/macbookair/Developer/pos_shanto/vendor/laravel/framework/src/Illuminate/Http/Middleware/TrustProxies.php(39): Illuminate\\Pipeline\\Pipeline->Illuminate\\Pipeline\\{closure}(Object(Illuminate\\Http\\Request))
#80 /Users/macbookair/Developer/pos_shanto/vendor/laravel/framework/src/Illuminate/Pipeline/Pipeline.php(180): Illuminate\\Http\\Middleware\\TrustProxies->handle(Object(Illuminate\\Http\\Request), Object(Closure))
#81 /Users/macbookair/Developer/pos_shanto/vendor/laravel/framework/src/Illuminate/Pipeline/Pipeline.php(116): Illuminate\\Pipeline\\Pipeline->Illuminate\\Pipeline\\{closure}(Object(Illuminate\\Http\\Request))
#82 /Users/macbookair/Developer/pos_shanto/vendor/laravel/framework/src/Illuminate/Foundation/Http/Kernel.php(165): Illuminate\\Pipeline\\Pipeline->then(Object(Closure))
#83 /Users/macbookair/Developer/pos_shanto/vendor/laravel/framework/src/Illuminate/Foundation/Http/Kernel.php(134): Illuminate\\Foundation\\Http\\Kernel->sendRequestThroughRouter(Object(Illuminate\\Http\\Request))
#84 /Users/macbookair/Developer/pos_shanto/public/index.php(51): Illuminate\\Foundation\\Http\\Kernel->handle(Object(Illuminate\\Http\\Request))
#85 /Users/macbookair/Developer/pos_shanto/vendor/laravel/framework/src/Illuminate/Foundation/resources/server.php(16): require_once('/Users/macbooka...')
#86 {main}

[previous exception] [object] (ErrorException(code: 0): Undefined variable $isHomeDashboardHeader at /Users/macbookair/Developer/pos_shanto/storage/framework/views/10d2beeb3336f891227478aa1d0b90c133cc7257.php:50)
[stacktrace]
#0 /Users/macbookair/Developer/pos_shanto/vendor/laravel/framework/src/Illuminate/Foundation/Bootstrap/HandleExceptions.php(270): Illuminate\\Foundation\\Bootstrap\\HandleExceptions->handleError(2, 'Undefined varia...', '/Users/macbooka...', 50)
#1 /Users/macbookair/Developer/pos_shanto/storage/framework/views/10d2beeb3336f891227478aa1d0b90c133cc7257.php(50): Illuminate\\Foundation\\Bootstrap\\HandleExceptions->Illuminate\\Foundation\\Bootstrap\\{closure}(2, 'Undefined varia...', '/Users/macbooka...', 50)
#2 /Users/macbookair/Developer/pos_shanto/vendor/laravel/framework/src/Illuminate/Filesystem/Filesystem.php(109): require('/Users/macbooka...')
#3 /Users/macbookair/Developer/pos_shanto/vendor/laravel/framework/src/Illuminate/Filesystem/Filesystem.php(110): Illuminate\\Filesystem\\Filesystem::Illuminate\\Filesystem\\{closure}()
#4 /Users/macbookair/Developer/pos_shanto/vendor/laravel/framework/src/Illuminate/View/Engines/PhpEngine.php(58): Illuminate\\Filesystem\\Filesystem->getRequire('/Users/macbooka...', Array)
#5 /Users/macbookair/Developer/pos_shanto/vendor/laravel/framework/src/Illuminate/View/Engines/CompilerEngine.php(70): Illuminate\\View\\Engines\\PhpEngine->evaluatePath('/Users/macbooka...', Array)
#6 /Users/macbookair/Developer/pos_shanto/vendor/laravel/framework/src/Illuminate/View/View.php(195): Illuminate\\View\\Engines\\CompilerEngine->get('/Users/macbooka...', Array)
#7 /Users/macbookair/Developer/pos_shanto/vendor/laravel/framework/src/Illuminate/View/View.php(178): Illuminate\\View\\View->getContents()
#8 /Users/macbookair/Developer/pos_shanto/vendor/laravel/framework/src/Illuminate/View/View.php(147): Illuminate\\View\\View->renderContents()
#9 /Users/macbookair/Developer/pos_shanto/storage/framework/views/fa6c0ea1073a594ebc43df0280998702ca122e3b.php(217): Illuminate\\View\\View->render()
#10 /Users/macbookair/Developer/pos_shanto/vendor/laravel/framework/src/Illuminate/Filesystem/Filesystem.php(109): require('/Users/macbooka...')
#11 /Users/macbookair/Developer/pos_shanto/vendor/laravel/framework/src/Illuminate/Filesystem/Filesystem.php(110): Illuminate\\Filesystem\\Filesystem::Illuminate\\Filesystem\\{closure}()
#12 /Users/macbookair/Developer/pos_shanto/vendor/laravel/framework/src/Illuminate/View/Engines/PhpEngine.php(58): Illuminate\\Filesystem\\Filesystem->getRequire('/Users/macbooka...', Array)
#13 /Users/macbookair/Developer/pos_shanto/vendor/laravel/framework/src/Illuminate/View/Engines/CompilerEngine.php(70): Illuminate\\View\\Engines\\PhpEngine->evaluatePath('/Users/macbooka...', Array)
#14 /Users/macbookair/Developer/pos_shanto/vendor/laravel/framework/src/Illuminate/View/View.php(195): Illuminate\\View\\Engines\\CompilerEngine->get('/Users/macbooka...', Array)
#15 /Users/macbookair/Developer/pos_shanto/vendor/laravel/framework/src/Illuminate/View/View.php(178): Illuminate\\View\\View->getContents()
#16 /Users/macbookair/Developer/pos_shanto/vendor/laravel/framework/src/Illuminate/View/View.php(147): Illuminate\\View\\View->renderContents()
#17 /Users/macbookair/Developer/pos_shanto/storage/framework/views/cfa072e2bb93f549f908d2fd268bc10b70a7df5f.php(194): Illuminate\\View\\View->render()
#18 /Users/macbookair/Developer/pos_shanto/vendor/laravel/framework/src/Illuminate/Filesystem/Filesystem.php(109): require('/Users/macbooka...')
#19 /Users/macbookair/Developer/pos_shanto/vendor/laravel/framework/src/Illuminate/Filesystem/Filesystem.php(110): Illuminate\\Filesystem\\Filesystem::Illuminate\\Filesystem\\{closure}()
#20 /Users/macbookair/Developer/pos_shanto/vendor/laravel/framework/src/Illuminate/View/Engines/PhpEngine.php(58): Illuminate\\Filesystem\\Filesystem->getRequire('/Users/macbooka...', Array)
#21 /Users/macbookair/Developer/pos_shanto/vendor/laravel/framework/src/Illuminate/View/Engines/CompilerEngine.php(70): Illuminate\\View\\Engines\\PhpEngine->evaluatePath('/Users/macbooka...', Array)
#22 /Users/macbookair/Developer/pos_shanto/vendor/laravel/framework/src/Illuminate/View/View.php(195): Illuminate\\View\\Engines\\CompilerEngine->get('/Users/macbooka...', Array)
#23 /Users/macbookair/Developer/pos_shanto/vendor/laravel/framework/src/Illuminate/View/View.php(178): Illuminate\\View\\View->getContents()
#24 /Users/macbookair/Developer/pos_shanto/vendor/laravel/framework/src/Illuminate/View/View.php(147): Illuminate\\View\\View->renderContents()
#25 /Users/macbookair/Developer/pos_shanto/vendor/laravel/framework/src/Illuminate/Http/Response.php(69): Illuminate\\View\\View->render()
#26 /Users/macbookair/Developer/pos_shanto/vendor/laravel/framework/src/Illuminate/Http/Response.php(35): Illuminate\\Http\\Response->setContent(Object(Illuminate\\View\\View))
#27 /Users/macbookair/Developer/pos_shanto/vendor/laravel/framework/src/Illuminate/Routing/Router.php(906): Illuminate\\Http\\Response->__construct(Object(Illuminate\\View\\View), 200, Array)
#28 /Users/macbookair/Developer/pos_shanto/vendor/laravel/framework/src/Illuminate/Routing/Router.php(875): Illuminate\\Routing\\Router::toResponse(Object(Illuminate\\Http\\Request), Object(Illuminate\\View\\View))
#29 /Users/macbookair/Developer/pos_shanto/vendor/laravel/framework/src/Illuminate/Routing/Router.php(797): Illuminate\\Routing\\Router->prepareResponse(Object(Illuminate\\Http\\Request), Object(Illuminate\\View\\View))
#30 /Users/macbookair/Developer/pos_shanto/vendor/laravel/framework/src/Illuminate/Pipeline/Pipeline.php(141): Illuminate\\Routing\\Router->Illuminate\\Routing\\{closure}(Object(Illuminate\\Http\\Request))
#31 /Users/macbookair/Developer/pos_shanto/app/Http/Middleware/CheckUserLogin.php(22): Illuminate\\Pipeline\\Pipeline->Illuminate\\Pipeline\\{closure}(Object(Illuminate\\Http\\Request))
#32 /Users/macbookair/Developer/pos_shanto/vendor/laravel/framework/src/Illuminate/Pipeline/Pipeline.php(180): App\\Http\\Middleware\\CheckUserLogin->handle(Object(Illuminate\\Http\\Request), Object(Closure))
#33 /Users/macbookair/Developer/pos_shanto/app/Http/Middleware/AdminSidebarMenu.php(876): Illuminate\\Pipeline\\Pipeline->Illuminate\\Pipeline\\{closure}(Object(Illuminate\\Http\\Request))
#34 /Users/macbookair/Developer/pos_shanto/vendor/laravel/framework/src/Illuminate/Pipeline/Pipeline.php(180): App\\Http\\Middleware\\AdminSidebarMenu->handle(Object(Illuminate\\Http\\Request), Object(Closure))
#35 /Users/macbookair/Developer/pos_shanto/app/Http/Middleware/Timezone.php(30): Illuminate\\Pipeline\\Pipeline->Illuminate\\Pipeline\\{closure}(Object(Illuminate\\Http\\Request))
#36 /Users/macbookair/Developer/pos_shanto/vendor/laravel/framework/src/Illuminate/Pipeline/Pipeline.php(180): App\\Http\\Middleware\\Timezone->handle(Object(Illuminate\\Http\\Request), Object(Closure))
#37 /Users/macbookair/Developer/pos_shanto/app/Http/Middleware/Language.php(25): Illuminate\\Pipeline\\Pipeline->Illuminate\\Pipeline\\{closure}(Object(Illuminate\\Http\\Request))
#38 /Users/macbookair/Developer/pos_shanto/vendor/laravel/framework/src/Illuminate/Pipeline/Pipeline.php(180): App\\Http\\Middleware\\Language->handle(Object(Illuminate\\Http\\Request), Object(Closure))
#39 /Users/macbookair/Developer/pos_shanto/app/Http/Middleware/SetSessionData.php(52): Illuminate\\Pipeline\\Pipeline->Illuminate\\Pipeline\\{closure}(Object(Illuminate\\Http\\Request))
#40 /Users/macbookair/Developer/pos_shanto/vendor/laravel/framework/src/Illuminate/Pipeline/Pipeline.php(180): App\\Http\\Middleware\\SetSessionData->handle(Object(Illuminate\\Http\\Request), Object(Closure))
#41 /Users/macbookair/Developer/pos_shanto/app/Http/Middleware/IsInstalled.php(50): Illuminate\\Pipeline\\Pipeline->Illuminate\\Pipeline\\{closure}(Object(Illuminate\\Http\\Request))
#42 /Users/macbookair/Developer/pos_shanto/vendor/laravel/framework/src/Illuminate/Pipeline/Pipeline.php(180): App\\Http\\Middleware\\IsInstalled->handle(Object(Illuminate\\Http\\Request), Object(Closure))
#43 /Users/macbookair/Developer/pos_shanto/vendor/laravel/framework/src/Illuminate/Routing/Middleware/SubstituteBindings.php(50): Illuminate\\Pipeline\\Pipeline->Illuminate\\Pipeline\\{closure}(Object(Illuminate\\Http\\Request))
#44 /Users/macbookair/Developer/pos_shanto/vendor/laravel/framework/src/Illuminate/Pipeline/Pipeline.php(180): Illuminate\\Routing\\Middleware\\SubstituteBindings->handle(Object(Illuminate\\Http\\Request), Object(Closure))
#45 /Users/macbookair/Developer/pos_shanto/vendor/laravel/framework/src/Illuminate/Auth/Middleware/Authenticate.php(44): Illuminate\\Pipeline\\Pipeline->Illuminate\\Pipeline\\{closure}(Object(Illuminate\\Http\\Request))
#46 /Users/macbookair/Developer/pos_shanto/vendor/laravel/framework/src/Illuminate/Pipeline/Pipeline.php(180): Illuminate\\Auth\\Middleware\\Authenticate->handle(Object(Illuminate\\Http\\Request), Object(Closure))
#47 /Users/macbookair/Developer/pos_shanto/vendor/laravel/framework/src/Illuminate/Foundation/Http/Middleware/VerifyCsrfToken.php(78): Illuminate\\Pipeline\\Pipeline->Illuminate\\Pipeline\\{closure}(Object(Illuminate\\Http\\Request))
#48 /Users/macbookair/Developer/pos_shanto/vendor/laravel/framework/src/Illuminate/Pipeline/Pipeline.php(180): Illuminate\\Foundation\\Http\\Middleware\\VerifyCsrfToken->handle(Object(Illuminate\\Http\\Request), Object(Closure))
#49 /Users/macbookair/Developer/pos_shanto/vendor/laravel/framework/src/Illuminate/View/Middleware/ShareErrorsFromSession.php(49): Illuminate\\Pipeline\\Pipeline->Illuminate\\Pipeline\\{closure}(Object(Illuminate\\Http\\Request))
#50 /Users/macbookair/Developer/pos_shanto/vendor/laravel/framework/src/Illuminate/Pipeline/Pipeline.php(180): Illuminate\\View\\Middleware\\ShareErrorsFromSession->handle(Object(Illuminate\\Http\\Request), Object(Closure))
#51 /Users/macbookair/Developer/pos_shanto/vendor/laravel/framework/src/Illuminate/Session/Middleware/StartSession.php(121): Illuminate\\Pipeline\\Pipeline->Illuminate\\Pipeline\\{closure}(Object(Illuminate\\Http\\Request))
#52 /Users/macbookair/Developer/pos_shanto/vendor/laravel/framework/src/Illuminate/Session/Middleware/StartSession.php(64): Illuminate\\Session\\Middleware\\StartSession->handleStatefulRequest(Object(Illuminate\\Http\\Request), Object(Illuminate\\Session\\Store), Object(Closure))
#53 /Users/macbookair/Developer/pos_shanto/vendor/laravel/framework/src/Illuminate/Pipeline/Pipeline.php(180): Illuminate\\Session\\Middleware\\StartSession->handle(Object(Illuminate\\Http\\Request), Object(Closure))
#54 /Users/macbookair/Developer/pos_shanto/vendor/laravel/framework/src/Illuminate/Cookie/Middleware/AddQueuedCookiesToResponse.php(37): Illuminate\\Pipeline\\Pipeline->Illuminate\\Pipeline\\{closure}(Object(Illuminate\\Http\\Request))
#55 /Users/macbookair/Developer/pos_shanto/vendor/laravel/framework/src/Illuminate/Pipeline/Pipeline.php(180): Illuminate\\Cookie\\Middleware\\AddQueuedCookiesToResponse->handle(Object(Illuminate\\Http\\Request), Object(Closure))
#56 /Users/macbookair/Developer/pos_shanto/vendor/laravel/framework/src/Illuminate/Cookie/Middleware/EncryptCookies.php(67): Illuminate\\Pipeline\\Pipeline->Illuminate\\Pipeline\\{closure}(Object(Illuminate\\Http\\Request))
#57 /Users/macbookair/Developer/pos_shanto/vendor/laravel/framework/src/Illuminate/Pipeline/Pipeline.php(180): Illuminate\\Cookie\\Middleware\\EncryptCookies->handle(Object(Illuminate\\Http\\Request), Object(Closure))
#58 /Users/macbookair/Developer/pos_shanto/vendor/laravel/framework/src/Illuminate/Pipeline/Pipeline.php(116): Illuminate\\Pipeline\\Pipeline->Illuminate\\Pipeline\\{closure}(Object(Illuminate\\Http\\Request))
#59 /Users/macbookair/Developer/pos_shanto/vendor/laravel/framework/src/Illuminate/Routing/Router.php(797): Illuminate\\Pipeline\\Pipeline->then(Object(Closure))
#60 /Users/macbookair/Developer/pos_shanto/vendor/laravel/framework/src/Illuminate/Routing/Router.php(776): Illuminate\\Routing\\Router->runRouteWithinStack(Object(Illuminate\\Routing\\Route), Object(Illuminate\\Http\\Request))
#61 /Users/macbookair/Developer/pos_shanto/vendor/laravel/framework/src/Illuminate/Routing/Router.php(740): Illuminate\\Routing\\Router->runRoute(Object(Illuminate\\Http\\Request), Object(Illuminate\\Routing\\Route))
#62 /Users/macbookair/Developer/pos_shanto/vendor/laravel/framework/src/Illuminate/Routing/Router.php(729): Illuminate\\Routing\\Router->dispatchToRoute(Object(Illuminate\\Http\\Request))
#63 /Users/macbookair/Developer/pos_shanto/vendor/laravel/framework/src/Illuminate/Foundation/Http/Kernel.php(190): Illuminate\\Routing\\Router->dispatch(Object(Illuminate\\Http\\Request))
#64 /Users/macbookair/Developer/pos_shanto/vendor/laravel/framework/src/Illuminate/Pipeline/Pipeline.php(141): Illuminate\\Foundation\\Http\\Kernel->Illuminate\\Foundation\\Http\\{closure}(Object(Illuminate\\Http\\Request))
#65 /Users/macbookair/Developer/pos_shanto/vendor/barryvdh/laravel-debugbar/src/Middleware/InjectDebugbar.php(59): Illuminate\\Pipeline\\Pipeline->Illuminate\\Pipeline\\{closure}(Object(Illuminate\\Http\\Request))
#66 /Users/macbookair/Developer/pos_shanto/vendor/laravel/framework/src/Illuminate/Pipeline/Pipeline.php(180): Barryvdh\\Debugbar\\Middleware\\InjectDebugbar->handle(Object(Illuminate\\Http\\Request), Object(Closure))
#67 /Users/macbookair/Developer/pos_shanto/vendor/laravel/framework/src/Illuminate/Foundation/Http/Middleware/TransformsRequest.php(21): Illuminate\\Pipeline\\Pipeline->Illuminate\\Pipeline\\{closure}(Object(Illuminate\\Http\\Request))
#68 /Users/macbookair/Developer/pos_shanto/vendor/laravel/framework/src/Illuminate/Foundation/Http/Middleware/ConvertEmptyStringsToNull.php(31): Illuminate\\Foundation\\Http\\Middleware\\TransformsRequest->handle(Object(Illuminate\\Http\\Request), Object(Closure))
#69 /Users/macbookair/Developer/pos_shanto/vendor/laravel/framework/src/Illuminate/Pipeline/Pipeline.php(180): Illuminate\\Foundation\\Http\\Middleware\\ConvertEmptyStringsToNull->handle(Object(Illuminate\\Http\\Request), Object(Closure))
#70 /Users/macbookair/Developer/pos_shanto/vendor/laravel/framework/src/Illuminate/Foundation/Http/Middleware/TransformsRequest.php(21): Illuminate\\Pipeline\\Pipeline->Illuminate\\Pipeline\\{closure}(Object(Illuminate\\Http\\Request))
#71 /Users/macbookair/Developer/pos_shanto/vendor/laravel/framework/src/Illuminate/Foundation/Http/Middleware/TrimStrings.php(40): Illuminate\\Foundation\\Http\\Middleware\\TransformsRequest->handle(Object(Illuminate\\Http\\Request), Object(Closure))
#72 /Users/macbookair/Developer/pos_shanto/vendor/laravel/framework/src/Illuminate/Pipeline/Pipeline.php(180): Illuminate\\Foundation\\Http\\Middleware\\TrimStrings->handle(Object(Illuminate\\Http\\Request), Object(Closure))
#73 /Users/macbookair/Developer/pos_shanto/vendor/laravel/framework/src/Illuminate/Foundation/Http/Middleware/ValidatePostSize.php(27): Illuminate\\Pipeline\\Pipeline->Illuminate\\Pipeline\\{closure}(Object(Illuminate\\Http\\Request))
#74 /Users/macbookair/Developer/pos_shanto/vendor/laravel/framework/src/Illuminate/Pipeline/Pipeline.php(180): Illuminate\\Foundation\\Http\\Middleware\\ValidatePostSize->handle(Object(Illuminate\\Http\\Request), Object(Closure))
#75 /Users/macbookair/Developer/pos_shanto/vendor/laravel/framework/src/Illuminate/Foundation/Http/Middleware/PreventRequestsDuringMaintenance.php(86): Illuminate\\Pipeline\\Pipeline->Illuminate\\Pipeline\\{closure}(Object(Illuminate\\Http\\Request))
#76 /Users/macbookair/Developer/pos_shanto/vendor/laravel/framework/src/Illuminate/Pipeline/Pipeline.php(180): Illuminate\\Foundation\\Http\\Middleware\\PreventRequestsDuringMaintenance->handle(Object(Illuminate\\Http\\Request), Object(Closure))
#77 /Users/macbookair/Developer/pos_shanto/vendor/laravel/framework/src/Illuminate/Http/Middleware/HandleCors.php(49): Illuminate\\Pipeline\\Pipeline->Illuminate\\Pipeline\\{closure}(Object(Illuminate\\Http\\Request))
#78 /Users/macbookair/Developer/pos_shanto/vendor/laravel/framework/src/Illuminate/Pipeline/Pipeline.php(180): Illuminate\\Http\\Middleware\\HandleCors->handle(Object(Illuminate\\Http\\Request), Object(Closure))
#79 /Users/macbookair/Developer/pos_shanto/vendor/laravel/framework/src/Illuminate/Http/Middleware/TrustProxies.php(39): Illuminate\\Pipeline\\Pipeline->Illuminate\\Pipeline\\{closure}(Object(Illuminate\\Http\\Request))
#80 /Users/macbookair/Developer/pos_shanto/vendor/laravel/framework/src/Illuminate/Pipeline/Pipeline.php(180): Illuminate\\Http\\Middleware\\TrustProxies->handle(Object(Illuminate\\Http\\Request), Object(Closure))
#81 /Users/macbookair/Developer/pos_shanto/vendor/laravel/framework/src/Illuminate/Pipeline/Pipeline.php(116): Illuminate\\Pipeline\\Pipeline->Illuminate\\Pipeline\\{closure}(Object(Illuminate\\Http\\Request))
#82 /Users/macbookair/Developer/pos_shanto/vendor/laravel/framework/src/Illuminate/Foundation/Http/Kernel.php(165): Illuminate\\Pipeline\\Pipeline->then(Object(Closure))
#83 /Users/macbookair/Developer/pos_shanto/vendor/laravel/framework/src/Illuminate/Foundation/Http/Kernel.php(134): Illuminate\\Foundation\\Http\\Kernel->sendRequestThroughRouter(Object(Illuminate\\Http\\Request))
#84 /Users/macbookair/Developer/pos_shanto/public/index.php(51): Illuminate\\Foundation\\Http\\Kernel->handle(Object(Illuminate\\Http\\Request))
#85 /Users/macbookair/Developer/pos_shanto/vendor/laravel/framework/src/Illuminate/Foundation/resources/server.php(16): require_once('/Users/macbooka...')
#86 {main}
"} 
